[inst #1] addi $8,$0,-1
Register Write to Reg: 0x08 Val: 0xFFFFFFFF
[inst #2] lui $1,4097
Register Write to Reg: 0x01 Val: 0x10010000
[inst #3] ori $1,$1,0
Register Write to Reg: 0x01 Val: 0x10010000
[inst #4] add $9,$0,$1
Register Write to Reg: 0x09 Val: 0x10010000
[inst #5] sw $9,0($9)
Memory Write to Addr: 0x10010000 Val: 0x10010000
[inst #6] j 4194328
[inst #7] lui $1,4097
Register Write to Reg: 0x01 Val: 0x10010000
[inst #8] ori $1,$1,4
Register Write to Reg: 0x01 Val: 0x10010004
[inst #9] add $10,$0,$1
Register Write to Reg: 0x0A Val: 0x10010004
[inst #10] sw $10,0($10)
Memory Write to Addr: 0x10010004 Val: 0x10010004
[inst #11] lui $1,4097
Register Write to Reg: 0x01 Val: 0x10010000
[inst #12] ori $1,$1,8
Register Write to Reg: 0x01 Val: 0x10010008
[inst #13] add $11,$0,$1
Register Write to Reg: 0x0B Val: 0x10010008
[inst #14] sw $11,0($11)
Memory Write to Addr: 0x10010008 Val: 0x10010008
[inst #15] addi $2,$0,10
Register Write to Reg: 0x02 Val: 0x0000000A
[inst #16] syscall 

