In clock cycle: 1
Register Write to Reg: 0x08 Val: 0x0000FFFF
In clock cycle: 2
Register Write to Reg: 0x01 Val: 0x00001001
In clock cycle: 3
Register Write to Reg: 0x01 Val: 0x00001001
In clock cycle: 4
Register Write to Reg: 0x09 Val: 0x00001001
In clock cycle: 5
Memory Write to Addr: 0x00001001 Val: 0x00001001
In clock cycle: 7
Register Write to Reg: 0x01 Val: 0x00001001
In clock cycle: 8
Register Write to Reg: 0x01 Val: 0x00001005
In clock cycle: 9
Register Write to Reg: 0x0A Val: 0x00001005
In clock cycle: 10
Memory Write to Addr: 0x00001005 Val: 0x00001005
In clock cycle: 11
Register Write to Reg: 0x01 Val: 0x00001001
In clock cycle: 12
Register Write to Reg: 0x01 Val: 0x00001009
In clock cycle: 13
Register Write to Reg: 0x0B Val: 0x00001009
In clock cycle: 14
Memory Write to Addr: 0x00001009 Val: 0x00001009
In clock cycle: 15
Register Write to Reg: 0x02 Val: 0x0000000A
In clock cycle: 16
Register Write to Reg: 0x00 Val: 0x00000000
Execution is stopping!
