Model Technology ModelSim DE-64 vcom 10.7b Compiler 2018.06 Jun  8 2018
Start time: 09:53:07 on Nov 01,2019
vcom -2008 -work ModelSimWork/work ModelSimWork/src/*.vhd 
-- Loading package STANDARD
-- Loading package TEXTIO
-- Loading package std_logic_1164
-- Compiling entity addsub_n_st
-- Compiling architecture structure of addsub_n_st
-- Loading package NUMERIC_STD
-- Compiling entity addsub_n_st_new
-- Compiling architecture structure of addsub_n_st_new
-- Compiling entity ALU32
-- Compiling architecture mixed of ALU32
-- Compiling entity andg2
-- Compiling architecture dataflow of andg2
-- Compiling entity barrelShifter
-- Compiling architecture behavorial of barrelShifter
-- Compiling entity control_logic
-- Compiling architecture dataflow of control_logic
-- Compiling entity decoder_532_df
-- Compiling architecture dataflow of decoder_532_df
-- Compiling entity dffx
-- Compiling architecture mixed of dffx
-- Compiling entity dff_n
-- Compiling architecture structural of dff_n
-- Compiling entity extender
-- Compiling architecture dataflow of extender
-- Compiling entity fulladder
-- Compiling architecture structure of fulladder
-- Compiling entity fulladder_n_df
-- Compiling architecture dataflow of fulladder_n_df
-- Compiling entity fulladder_n_st
-- Compiling architecture structure of fulladder_n_st
-- Compiling entity invg
-- Compiling architecture dataflow of invg
-- Compiling entity mem
-- Compiling architecture rtl of mem
-- Loading package std_logic_arith
-- Loading package STD_LOGIC_UNSIGNED
-- Compiling entity MIPS_Processor
-- Compiling architecture structure of MIPS_Processor
-- Compiling entity mux21_n_df
-- Compiling architecture dataflow of mux21_n_df
-- Compiling entity mux21_n_st
-- Compiling architecture structure of mux21_n_st
-- Compiling package vectorarraytype
-- Loading package vectorarraytype
-- Compiling entity mux_321_df
-- Compiling architecture dataflow of mux_321_df
-- Compiling entity newprocessor
-- Compiling architecture structural of newprocessor
-- Compiling entity onebitalu
-- Compiling architecture dataflow of onebitalu
-- Compiling entity ones_complementer
-- Compiling architecture structure of ones_complementer
-- Compiling entity ones_complementer_df
-- Compiling architecture dataflow of ones_complementer_df
-- Compiling entity org2
-- Compiling architecture dataflow of org2
-- Compiling entity reg
-- Compiling architecture behavior of reg
-- Compiling entity registerfile
-- Compiling architecture structural of registerfile
-- Compiling entity tb_control_logic
-- Compiling architecture behavior of tb_control_logic
-- Compiling entity tb_dmem
-- Compiling architecture behavioral of tb_dmem
-- Compiling entity tb_np
-- Compiling architecture behavior of tb_np
-- Loading package std_logic_textio
-- Loading package ENV
-- Compiling entity tb_SimplifiedMIPSProcessor
-- Compiling architecture mixed of tb_SimplifiedMIPSProcessor
-- Compiling entity twoToOneMux_dataflow
-- Compiling architecture dataflow of twoToOneMux_dataflow
-- Compiling entity xorg2
-- Compiling architecture dataflow of xorg2
End time: 09:53:08 on Nov 01,2019, Elapsed time: 0:00:01
Errors: 0, Warnings: 0
